<?xml version="1.0" encoding="UTF-8"?>
<!-- Generated by org.testng.reporters.JUnitXMLReporter -->
<testsuite hostname="DESKTOP-K0CLN9C" ignored="0" name="Digitrain360 FreeCRM Application Tests" tests="14" failures="1" timestamp="20 Dec 2019 15:47:51 GMT" time="130.24" errors="0">
  <testcase name="homePageTitleTest" time="0.019" classname="com.digiCRMTest.autoqa.testcases.HomePageTest"/>
  <testcase name="contactsPageTitleTest" time="0.072" classname="com.digiCRMTest.autoqa.testcases.ContactsPageTest"/>
  <testcase name="loginPageTitleTest" time="0.021" classname="com.digiCRMTest.autoqa.testcases.LoginPageTest"/>
  <testcase name="userLandingPageTitleTest" time="0.009" classname="com.digiCRMTest.autoqa.testcases.UserLandingPageTest"/>
  <testcase name="LoginButtonTest" time="1.536" classname="com.digiCRMTest.autoqa.testcases.HomePageTest"/>
  <testcase name="createNewContactTest" time="2.612" classname="com.digiCRMTest.autoqa.testcases.ContactsPageTest"/>
  <testcase name="createNewContactTest" time="2.497" classname="com.digiCRMTest.autoqa.testcases.ContactsPageTest"/>
  <testcase name="createNewContactTest" time="2.599" classname="com.digiCRMTest.autoqa.testcases.ContactsPageTest"/>
  <testcase name="LoginTest" time="0.639" classname="com.digiCRMTest.autoqa.testcases.LoginPageTest"/>
  <testcase name="userNameTest" time="1.033" classname="com.digiCRMTest.autoqa.testcases.UserLandingPageTest"/>
  <testcase name="PasswordResetLinkTest" time="0.773" classname="com.digiCRMTest.autoqa.testcases.LoginPageTest">
    <failure type="java.lang.AssertionError" message="expected [Reset Password] but found [Cogmento CRM]">
      <![CDATA[java.lang.AssertionError: expected [Reset Password] but found [Cogmento CRM]
at com.digiCRMTest.autoqa.testcases.LoginPageTest.PasswordResetLinkTest(LoginPageTest.java:52)
... Removed 31 stack frames]]>
    </failure>
  </testcase> <!-- PasswordResetLinkTest -->
  <testcase name="dealLinkTest" time="1.375" classname="com.digiCRMTest.autoqa.testcases.UserLandingPageTest"/>
  <testcase name="ContactsLinkTest" time="1.31" classname="com.digiCRMTest.autoqa.testcases.UserLandingPageTest"/>
  <testcase name="resetPasswordTest" time="1.172" classname="com.digiCRMTest.autoqa.testcases.PasswordResetPageTest"/>
</testsuite> <!-- Digitrain360 FreeCRM Application Tests -->
