<?xml version="1.0" encoding="UTF-8"?>
<!-- Generated by org.testng.reporters.JUnitXMLReporter -->
<testsuite hostname="DESKTOP-K0CLN9C" ignored="0" name="Default test" tests="2" failures="0" timestamp="07 Jan 2020 06:45:29 GMT" time="16.851" errors="0">
  <testcase name="homePageTitleTest" time="0.02" classname="com.digiCRMTest.autoqa.testcases.HomePageTest"/>
  <testcase name="LoginButtonTest" time="3.129" classname="com.digiCRMTest.autoqa.testcases.HomePageTest"/>
</testsuite> <!-- Default test -->
