<?xml version="1.0" encoding="UTF-8"?>
<testng-results ignored="0" total="14" passed="13" failed="1" skipped="0">
  <reporter-output>
    <line>
      <![CDATA[Thank you. If this account is registered you will receive an email with a password reset link.]]>
    </line>
    <line>
      <![CDATA[Contacts Page Header: Contacts]]>
    </line>
    <line>
      <![CDATA[Actual Title: Cogmento CRM]]>
    </line>
    <line>
      <![CDATA[User Name Displayed Avinash Dyagala]]>
    </line>
    <line>
      <![CDATA[Deals Page Header: Deals]]>
    </line>
  </reporter-output>
  <suite started-at="2020-01-10T05:19:17Z" name="Digitrain360 FreeCRM Test Automation Suite" finished-at="2020-01-10T05:21:49Z" duration-ms="152547">
    <groups>
    </groups>
    <test started-at="2020-01-10T05:19:17Z" name="Digitrain360 FreeCRM Application Tests" finished-at="2020-01-10T05:21:49Z" duration-ms="152547">
      <class name="com.digiCRMTest.autoqa.testcases.LoginPageTest">
        <test-method is-config="true" signature="setUp()[pri:0, instance:com.digiCRMTest.autoqa.testcases.LoginPageTest@6b419da]" started-at="2020-01-10T05:19:25Z" name="setUp" finished-at="2020-01-10T05:19:34Z" duration-ms="8680" status="PASS">
          <reporter-output>
          </reporter-output>
        </test-method> <!-- setUp -->
        <test-method signature="loginPageTitleTest()[pri:1, instance:com.digiCRMTest.autoqa.testcases.LoginPageTest@6b419da]" started-at="2020-01-10T05:19:34Z" name="loginPageTitleTest" finished-at="2020-01-10T05:19:34Z" duration-ms="8" status="PASS">
          <reporter-output>
          </reporter-output>
        </test-method> <!-- loginPageTitleTest -->
        <test-method is-config="true" signature="teardown()[pri:0, instance:com.digiCRMTest.autoqa.testcases.LoginPageTest@6b419da]" started-at="2020-01-10T05:19:34Z" name="teardown" finished-at="2020-01-10T05:19:35Z" duration-ms="1466" status="PASS">
          <reporter-output>
          </reporter-output>
        </test-method> <!-- teardown -->
        <test-method is-config="true" signature="setUp()[pri:0, instance:com.digiCRMTest.autoqa.testcases.LoginPageTest@6b419da]" started-at="2020-01-10T05:20:14Z" name="setUp" finished-at="2020-01-10T05:20:36Z" duration-ms="21380" status="PASS">
          <reporter-output>
          </reporter-output>
        </test-method> <!-- setUp -->
        <test-method signature="PasswordResetLinkTest()[pri:2, instance:com.digiCRMTest.autoqa.testcases.LoginPageTest@6b419da]" started-at="2020-01-10T05:20:36Z" name="PasswordResetLinkTest" finished-at="2020-01-10T05:20:37Z" duration-ms="948" status="FAIL">
          <exception class="java.lang.AssertionError">
            <message>
              <![CDATA[expected [Reset Password] but found [Cogmento CRM]]]>
            </message>
            <full-stacktrace>
              <![CDATA[java.lang.AssertionError: expected [Reset Password] but found [Cogmento CRM]
at org.testng.Assert.fail(Assert.java:96)
at org.testng.Assert.failNotEquals(Assert.java:776)
at org.testng.Assert.assertEqualsImpl(Assert.java:137)
at org.testng.Assert.assertEquals(Assert.java:118)
at org.testng.Assert.assertEquals(Assert.java:453)
at org.testng.Assert.assertEquals(Assert.java:463)
at com.digiCRMTest.autoqa.testcases.LoginPageTest.PasswordResetLinkTest(LoginPageTest.java:52)
at java.base/jdk.internal.reflect.NativeMethodAccessorImpl.invoke0(Native Method)
at java.base/jdk.internal.reflect.NativeMethodAccessorImpl.invoke(NativeMethodAccessorImpl.java:62)
at java.base/jdk.internal.reflect.DelegatingMethodAccessorImpl.invoke(DelegatingMethodAccessorImpl.java:43)
at java.base/java.lang.reflect.Method.invoke(Method.java:567)
at org.testng.internal.MethodInvocationHelper.invokeMethod(MethodInvocationHelper.java:124)
at org.testng.internal.Invoker.invokeMethod(Invoker.java:583)
at org.testng.internal.Invoker.invokeTestMethod(Invoker.java:719)
at org.testng.internal.Invoker.invokeTestMethods(Invoker.java:989)
at org.testng.internal.TestMethodWorker.invokeTestMethods(TestMethodWorker.java:125)
at org.testng.internal.TestMethodWorker.run(TestMethodWorker.java:109)
at org.testng.TestRunner.privateRun(TestRunner.java:648)
at org.testng.TestRunner.run(TestRunner.java:505)
at org.testng.SuiteRunner.runTest(SuiteRunner.java:455)
at org.testng.SuiteRunner.runSequentially(SuiteRunner.java:450)
at org.testng.SuiteRunner.privateRun(SuiteRunner.java:415)
at org.testng.SuiteRunner.run(SuiteRunner.java:364)
at org.testng.SuiteRunnerWorker.runSuite(SuiteRunnerWorker.java:52)
at org.testng.SuiteRunnerWorker.run(SuiteRunnerWorker.java:84)
at org.testng.TestNG.runSuitesSequentially(TestNG.java:1208)
at org.testng.TestNG.runSuitesLocally(TestNG.java:1137)
at org.testng.TestNG.runSuites(TestNG.java:1049)
at org.testng.TestNG.run(TestNG.java:1017)
at org.apache.maven.surefire.testng.TestNGExecutor.run(TestNGExecutor.java:283)
at org.apache.maven.surefire.testng.TestNGXmlTestSuite.execute(TestNGXmlTestSuite.java:75)
at org.apache.maven.surefire.testng.TestNGProvider.invoke(TestNGProvider.java:120)
at org.apache.maven.surefire.booter.ForkedBooter.invokeProviderInSameClassLoader(ForkedBooter.java:384)
at org.apache.maven.surefire.booter.ForkedBooter.runSuitesInProcess(ForkedBooter.java:345)
at org.apache.maven.surefire.booter.ForkedBooter.execute(ForkedBooter.java:126)
at org.apache.maven.surefire.booter.ForkedBooter.main(ForkedBooter.java:418)
]]>
            </full-stacktrace>
          </exception> <!-- java.lang.AssertionError -->
          <reporter-output>
          </reporter-output>
        </test-method> <!-- PasswordResetLinkTest -->
        <test-method is-config="true" signature="teardown()[pri:0, instance:com.digiCRMTest.autoqa.testcases.LoginPageTest@6b419da]" started-at="2020-01-10T05:20:37Z" name="teardown" finished-at="2020-01-10T05:20:38Z" duration-ms="849" status="PASS">
          <reporter-output>
          </reporter-output>
        </test-method> <!-- teardown -->
        <test-method is-config="true" signature="setUp()[pri:0, instance:com.digiCRMTest.autoqa.testcases.LoginPageTest@6b419da]" started-at="2020-01-10T05:20:38Z" name="setUp" finished-at="2020-01-10T05:20:45Z" duration-ms="7445" status="PASS">
          <reporter-output>
          </reporter-output>
        </test-method> <!-- setUp -->
        <test-method signature="LoginTest()[pri:2, instance:com.digiCRMTest.autoqa.testcases.LoginPageTest@6b419da]" started-at="2020-01-10T05:20:45Z" name="LoginTest" finished-at="2020-01-10T05:20:46Z" depends-on-methods="com.digiCRMTest.autoqa.testcases.LoginPageTest.loginPageTitleTest" duration-ms="556" status="PASS">
          <reporter-output>
            <line>
              <![CDATA[Actual Title: Cogmento CRM]]>
            </line>
          </reporter-output>
        </test-method> <!-- LoginTest -->
        <test-method is-config="true" signature="teardown()[pri:0, instance:com.digiCRMTest.autoqa.testcases.LoginPageTest@6b419da]" started-at="2020-01-10T05:20:46Z" name="teardown" finished-at="2020-01-10T05:20:46Z" duration-ms="641" status="PASS">
          <reporter-output>
          </reporter-output>
        </test-method> <!-- teardown -->
      </class> <!-- com.digiCRMTest.autoqa.testcases.LoginPageTest -->
      <class name="com.digiCRMTest.autoqa.testcases.ContactsPageTest">
        <test-method is-config="true" signature="setUp()[pri:0, instance:com.digiCRMTest.autoqa.testcases.ContactsPageTest@258e2e41]" started-at="2020-01-10T05:19:56Z" name="setUp" finished-at="2020-01-10T05:20:05Z" duration-ms="9355" status="PASS">
          <reporter-output>
          </reporter-output>
        </test-method> <!-- setUp -->
        <test-method signature="contactsPageTitleTest()[pri:1, instance:com.digiCRMTest.autoqa.testcases.ContactsPageTest@258e2e41]" started-at="2020-01-10T05:20:05Z" name="contactsPageTitleTest" finished-at="2020-01-10T05:20:05Z" duration-ms="52" status="PASS">
          <reporter-output>
            <line>
              <![CDATA[Contacts Page Header: Contacts]]>
            </line>
          </reporter-output>
        </test-method> <!-- contactsPageTitleTest -->
        <test-method is-config="true" signature="teardown()[pri:0, instance:com.digiCRMTest.autoqa.testcases.ContactsPageTest@258e2e41]" started-at="2020-01-10T05:20:05Z" name="teardown" finished-at="2020-01-10T05:20:06Z" duration-ms="692" status="PASS">
          <reporter-output>
          </reporter-output>
        </test-method> <!-- teardown -->
        <test-method is-config="true" signature="setUp()[pri:0, instance:com.digiCRMTest.autoqa.testcases.ContactsPageTest@258e2e41]" started-at="2020-01-10T05:21:14Z" name="setUp" finished-at="2020-01-10T05:21:23Z" duration-ms="8319" status="PASS">
          <reporter-output>
          </reporter-output>
        </test-method> <!-- setUp -->
        <test-method signature="createNewContactTest(java.lang.String, java.lang.String)[pri:2, instance:com.digiCRMTest.autoqa.testcases.ContactsPageTest@258e2e41]" started-at="2020-01-10T05:21:23Z" name="createNewContactTest" data-provider="getCRMTestData" finished-at="2020-01-10T05:21:25Z" duration-ms="2163" status="PASS">
          <params>
            <param index="0">
              <value>
                <![CDATA[TestFname1]]>
              </value>
            </param>
            <param index="1">
              <value>
                <![CDATA[TestLname1]]>
              </value>
            </param>
          </params>
          <reporter-output>
          </reporter-output>
        </test-method> <!-- createNewContactTest -->
        <test-method is-config="true" signature="teardown()[pri:0, instance:com.digiCRMTest.autoqa.testcases.ContactsPageTest@258e2e41]" started-at="2020-01-10T05:21:25Z" name="teardown" finished-at="2020-01-10T05:21:26Z" duration-ms="668" status="PASS">
          <reporter-output>
          </reporter-output>
        </test-method> <!-- teardown -->
        <test-method is-config="true" signature="setUp()[pri:0, instance:com.digiCRMTest.autoqa.testcases.ContactsPageTest@258e2e41]" started-at="2020-01-10T05:21:26Z" name="setUp" finished-at="2020-01-10T05:21:34Z" duration-ms="8366" status="PASS">
          <reporter-output>
          </reporter-output>
        </test-method> <!-- setUp -->
        <test-method signature="createNewContactTest(java.lang.String, java.lang.String)[pri:2, instance:com.digiCRMTest.autoqa.testcases.ContactsPageTest@258e2e41]" started-at="2020-01-10T05:21:34Z" name="createNewContactTest" data-provider="getCRMTestData" finished-at="2020-01-10T05:21:36Z" duration-ms="2147" status="PASS">
          <params>
            <param index="0">
              <value>
                <![CDATA[TestFname2]]>
              </value>
            </param>
            <param index="1">
              <value>
                <![CDATA[TestLname2]]>
              </value>
            </param>
          </params>
          <reporter-output>
          </reporter-output>
        </test-method> <!-- createNewContactTest -->
        <test-method is-config="true" signature="teardown()[pri:0, instance:com.digiCRMTest.autoqa.testcases.ContactsPageTest@258e2e41]" started-at="2020-01-10T05:21:36Z" name="teardown" finished-at="2020-01-10T05:21:37Z" duration-ms="816" status="PASS">
          <reporter-output>
          </reporter-output>
        </test-method> <!-- teardown -->
        <test-method is-config="true" signature="setUp()[pri:0, instance:com.digiCRMTest.autoqa.testcases.ContactsPageTest@258e2e41]" started-at="2020-01-10T05:21:37Z" name="setUp" finished-at="2020-01-10T05:21:46Z" duration-ms="9119" status="PASS">
          <reporter-output>
          </reporter-output>
        </test-method> <!-- setUp -->
        <test-method signature="createNewContactTest(java.lang.String, java.lang.String)[pri:2, instance:com.digiCRMTest.autoqa.testcases.ContactsPageTest@258e2e41]" started-at="2020-01-10T05:21:46Z" name="createNewContactTest" data-provider="getCRMTestData" finished-at="2020-01-10T05:21:48Z" duration-ms="2357" status="PASS">
          <params>
            <param index="0">
              <value>
                <![CDATA[TestFname3]]>
              </value>
            </param>
            <param index="1">
              <value>
                <![CDATA[TestLname3]]>
              </value>
            </param>
          </params>
          <reporter-output>
          </reporter-output>
        </test-method> <!-- createNewContactTest -->
        <test-method is-config="true" signature="teardown()[pri:0, instance:com.digiCRMTest.autoqa.testcases.ContactsPageTest@258e2e41]" started-at="2020-01-10T05:21:48Z" name="teardown" finished-at="2020-01-10T05:21:49Z" duration-ms="642" status="PASS">
          <reporter-output>
          </reporter-output>
        </test-method> <!-- teardown -->
      </class> <!-- com.digiCRMTest.autoqa.testcases.ContactsPageTest -->
      <class name="com.digiCRMTest.autoqa.testcases.HomePageTest">
        <test-method is-config="true" signature="setUp()[pri:0, instance:com.digiCRMTest.autoqa.testcases.HomePageTest@7920ba90]" started-at="2020-01-10T05:19:17Z" name="setUp" finished-at="2020-01-10T05:19:24Z" duration-ms="7764" status="PASS">
          <reporter-output>
          </reporter-output>
        </test-method> <!-- setUp -->
        <test-method signature="homePageTitleTest()[pri:1, instance:com.digiCRMTest.autoqa.testcases.HomePageTest@7920ba90]" started-at="2020-01-10T05:19:24Z" name="homePageTitleTest" finished-at="2020-01-10T05:19:24Z" duration-ms="8" status="PASS">
          <reporter-output>
          </reporter-output>
        </test-method> <!-- homePageTitleTest -->
        <test-method is-config="true" signature="teardown()[pri:0, instance:com.digiCRMTest.autoqa.testcases.HomePageTest@7920ba90]" started-at="2020-01-10T05:19:24Z" name="teardown" finished-at="2020-01-10T05:19:25Z" duration-ms="646" status="PASS">
          <reporter-output>
          </reporter-output>
        </test-method> <!-- teardown -->
        <test-method is-config="true" signature="setUp()[pri:0, instance:com.digiCRMTest.autoqa.testcases.HomePageTest@7920ba90]" started-at="2020-01-10T05:20:06Z" name="setUp" finished-at="2020-01-10T05:20:12Z" duration-ms="6020" status="PASS">
          <reporter-output>
          </reporter-output>
        </test-method> <!-- setUp -->
        <test-method signature="LoginButtonTest()[pri:2, instance:com.digiCRMTest.autoqa.testcases.HomePageTest@7920ba90]" started-at="2020-01-10T05:20:12Z" name="LoginButtonTest" finished-at="2020-01-10T05:20:14Z" duration-ms="2094" status="PASS">
          <reporter-output>
          </reporter-output>
        </test-method> <!-- LoginButtonTest -->
        <test-method is-config="true" signature="teardown()[pri:0, instance:com.digiCRMTest.autoqa.testcases.HomePageTest@7920ba90]" started-at="2020-01-10T05:20:14Z" name="teardown" finished-at="2020-01-10T05:20:14Z" duration-ms="613" status="PASS">
          <reporter-output>
          </reporter-output>
        </test-method> <!-- teardown -->
      </class> <!-- com.digiCRMTest.autoqa.testcases.HomePageTest -->
      <class name="com.digiCRMTest.autoqa.testcases.PasswordResetPageTest">
        <test-method is-config="true" signature="setUP()[pri:0, instance:com.digiCRMTest.autoqa.testcases.PasswordResetPageTest@5906ebcb]" started-at="2020-01-10T05:19:45Z" name="setUP" finished-at="2020-01-10T05:19:54Z" duration-ms="8640" status="PASS">
          <reporter-output>
          </reporter-output>
        </test-method> <!-- setUP -->
        <test-method signature="resetPasswordTest()[pri:1, instance:com.digiCRMTest.autoqa.testcases.PasswordResetPageTest@5906ebcb]" started-at="2020-01-10T05:19:54Z" name="resetPasswordTest" finished-at="2020-01-10T05:19:55Z" duration-ms="1055" status="PASS">
          <reporter-output>
            <line>
              <![CDATA[Thank you. If this account is registered you will receive an email with a password reset link.]]>
            </line>
          </reporter-output>
        </test-method> <!-- resetPasswordTest -->
        <test-method is-config="true" signature="teardown()[pri:0, instance:com.digiCRMTest.autoqa.testcases.PasswordResetPageTest@5906ebcb]" started-at="2020-01-10T05:19:55Z" name="teardown" finished-at="2020-01-10T05:19:56Z" duration-ms="630" status="PASS">
          <reporter-output>
          </reporter-output>
        </test-method> <!-- teardown -->
      </class> <!-- com.digiCRMTest.autoqa.testcases.PasswordResetPageTest -->
      <class name="com.digiCRMTest.autoqa.testcases.UserLandingPageTest">
        <test-method is-config="true" signature="setUp()[pri:0, instance:com.digiCRMTest.autoqa.testcases.UserLandingPageTest@3b2da18f]" started-at="2020-01-10T05:19:35Z" name="setUp" finished-at="2020-01-10T05:19:45Z" duration-ms="9391" status="PASS">
          <reporter-output>
          </reporter-output>
        </test-method> <!-- setUp -->
        <test-method signature="userLandingPageTitleTest()[pri:1, instance:com.digiCRMTest.autoqa.testcases.UserLandingPageTest@3b2da18f]" started-at="2020-01-10T05:19:45Z" name="userLandingPageTitleTest" finished-at="2020-01-10T05:19:45Z" duration-ms="6" status="PASS">
          <reporter-output>
          </reporter-output>
        </test-method> <!-- userLandingPageTitleTest -->
        <test-method is-config="true" signature="teardown()[pri:0, instance:com.digiCRMTest.autoqa.testcases.UserLandingPageTest@3b2da18f]" started-at="2020-01-10T05:19:45Z" name="teardown" finished-at="2020-01-10T05:19:45Z" duration-ms="697" status="PASS">
          <reporter-output>
          </reporter-output>
        </test-method> <!-- teardown -->
        <test-method is-config="true" signature="setUp()[pri:0, instance:com.digiCRMTest.autoqa.testcases.UserLandingPageTest@3b2da18f]" started-at="2020-01-10T05:20:46Z" name="setUp" finished-at="2020-01-10T05:20:54Z" duration-ms="8020" status="PASS">
          <reporter-output>
          </reporter-output>
        </test-method> <!-- setUp -->
        <test-method signature="userNameTest()[pri:2, instance:com.digiCRMTest.autoqa.testcases.UserLandingPageTest@3b2da18f]" started-at="2020-01-10T05:20:54Z" name="userNameTest" finished-at="2020-01-10T05:20:55Z" depends-on-methods="com.digiCRMTest.autoqa.testcases.UserLandingPageTest.userLandingPageTitleTest" duration-ms="553" status="PASS">
          <reporter-output>
            <line>
              <![CDATA[User Name Displayed Avinash Dyagala]]>
            </line>
          </reporter-output>
        </test-method> <!-- userNameTest -->
        <test-method is-config="true" signature="teardown()[pri:0, instance:com.digiCRMTest.autoqa.testcases.UserLandingPageTest@3b2da18f]" started-at="2020-01-10T05:20:55Z" name="teardown" finished-at="2020-01-10T05:20:55Z" duration-ms="654" status="PASS">
          <reporter-output>
          </reporter-output>
        </test-method> <!-- teardown -->
        <test-method is-config="true" signature="setUp()[pri:0, instance:com.digiCRMTest.autoqa.testcases.UserLandingPageTest@3b2da18f]" started-at="2020-01-10T05:20:55Z" name="setUp" finished-at="2020-01-10T05:21:03Z" duration-ms="7574" status="PASS">
          <reporter-output>
          </reporter-output>
        </test-method> <!-- setUp -->
        <test-method signature="ContactsLinkTest()[pri:2, instance:com.digiCRMTest.autoqa.testcases.UserLandingPageTest@3b2da18f]" started-at="2020-01-10T05:21:03Z" name="ContactsLinkTest" finished-at="2020-01-10T05:21:04Z" depends-on-methods="com.digiCRMTest.autoqa.testcases.UserLandingPageTest.userLandingPageTitleTest" duration-ms="793" status="PASS">
          <reporter-output>
          </reporter-output>
        </test-method> <!-- ContactsLinkTest -->
        <test-method is-config="true" signature="teardown()[pri:0, instance:com.digiCRMTest.autoqa.testcases.UserLandingPageTest@3b2da18f]" started-at="2020-01-10T05:21:04Z" name="teardown" finished-at="2020-01-10T05:21:04Z" duration-ms="643" status="PASS">
          <reporter-output>
          </reporter-output>
        </test-method> <!-- teardown -->
        <test-method is-config="true" signature="setUp()[pri:0, instance:com.digiCRMTest.autoqa.testcases.UserLandingPageTest@3b2da18f]" started-at="2020-01-10T05:21:04Z" name="setUp" finished-at="2020-01-10T05:21:13Z" duration-ms="8032" status="PASS">
          <reporter-output>
          </reporter-output>
        </test-method> <!-- setUp -->
        <test-method signature="dealLinkTest()[pri:2, instance:com.digiCRMTest.autoqa.testcases.UserLandingPageTest@3b2da18f]" started-at="2020-01-10T05:21:13Z" name="dealLinkTest" finished-at="2020-01-10T05:21:13Z" depends-on-methods="com.digiCRMTest.autoqa.testcases.UserLandingPageTest.userLandingPageTitleTest" duration-ms="838" status="PASS">
          <reporter-output>
            <line>
              <![CDATA[Deals Page Header: Deals]]>
            </line>
          </reporter-output>
        </test-method> <!-- dealLinkTest -->
        <test-method is-config="true" signature="teardown()[pri:0, instance:com.digiCRMTest.autoqa.testcases.UserLandingPageTest@3b2da18f]" started-at="2020-01-10T05:21:13Z" name="teardown" finished-at="2020-01-10T05:21:14Z" duration-ms="665" status="PASS">
          <reporter-output>
          </reporter-output>
        </test-method> <!-- teardown -->
      </class> <!-- com.digiCRMTest.autoqa.testcases.UserLandingPageTest -->
    </test> <!-- Digitrain360 FreeCRM Application Tests -->
  </suite> <!-- Digitrain360 FreeCRM Test Automation Suite -->
</testng-results>
