<?xml version="1.0" encoding="UTF-8"?>
<testsuite xmlns:xsi="http://www.w3.org/2001/XMLSchema-instance" xsi:noNamespaceSchemaLocation="https://maven.apache.org/surefire/maven-surefire-plugin/xsd/surefire-test-report.xsd" name="TestSuite" time="153.72" tests="14" errors="0" skipped="0" failures="1">
  <properties>
[...]
</properties>
  <testcase name="homePageTitleTest" classname="com.digiCRMTest.autoqa.testcases.HomePageTest" time="0.009"/>
  <testcase name="loginPageTitleTest" classname="com.digiCRMTest.autoqa.testcases.LoginPageTest" time="0.008"/>
  <testcase name="userLandingPageTitleTest" classname="com.digiCRMTest.autoqa.testcases.UserLandingPageTest" time="0.006"/>
  <testcase name="resetPasswordTest" classname="com.digiCRMTest.autoqa.testcases.PasswordResetPageTest" time="1.056"/>
  <testcase name="contactsPageTitleTest" classname="com.digiCRMTest.autoqa.testcases.ContactsPageTest" time="0.053"/>
  <testcase name="LoginButtonTest" classname="com.digiCRMTest.autoqa.testcases.HomePageTest" time="2.094"/>
  <testcase name="PasswordResetLinkTest" classname="com.digiCRMTest.autoqa.testcases.LoginPageTest" time="0.97">
    <failure message="expected [Reset Password] but found [Cogmento CRM]" type="java.lang.AssertionError">java.lang.AssertionError: expected [Reset Password] but found [Cogmento CRM]
	at com.digiCRMTest.autoqa.testcases.LoginPageTest.PasswordResetLinkTest(LoginPageTest.java:52)
</failure>
    <system-out><![CDATA[log4j: System property is :null
log4j: Standard DocumentBuilderFactory search succeded.
log4j: DocumentBuilderFactory is: com.sun.org.apache.xerces.internal.jaxp.DocumentBuilderFactoryImpl
log4j: debug attribute= "true".
log4j: reset attribute= "false".
log4j: Threshold ="null".
log4j: Level value for root is  [debug].
log4j: root level set to DEBUG
log4j: Class name: [org.apache.log4j.ConsoleAppender]
log4j: Setting property [target] to [System.out].
log4j: Parsing layout of class: "org.apache.log4j.PatternLayout"
log4j: Setting property [conversionPattern] to [%d{yyyy-MM-dd HH:mm:ss} %-5p %c{1}:%L - %m%n].
log4j: Adding appender named [console] to category [root].
log4j: Class name: [org.apache.log4j.RollingFileAppender]
log4j: Setting property [file] to [demoApplication.log].
log4j: Parsing layout of class: "org.apache.log4j.PatternLayout"
log4j: Setting property [conversionPattern] to [%d{yyyy-MM-dd HH:mm:ss} %-5p %c{1}:%L - %m%n].
log4j: setFile called: demoApplication.log, true
log4j: setFile ended
log4j: Adding appender named [fileAppender] to category [root].
2020-01-10 00:20:21 INFO  Logger:17 - Before navigating to: 'https://www.freecrm.com/'
2020-01-10 00:20:32 INFO  Logger:21 - Navigated to:'https://www.freecrm.com/'
2020-01-10 00:20:32 INFO  Logger:74 - Trying to find Element By : By.xpath: //a[attribute::href='https://ui.cogmento.com']
2020-01-10 00:20:33 INFO  Logger:80 - Found Element By : By.xpath: //a[attribute::href='https://ui.cogmento.com']
2020-01-10 00:20:33 INFO  Logger:33 - Trying to click on: [[ChromeDriver: chrome on XP (6167c9c390045192bb39e91f2f520ce6)] -> xpath: //a[attribute::href='https://ui.cogmento.com']]
2020-01-10 00:20:36 INFO  Logger:37 - Clicked on: [[ChromeDriver: chrome on XP (6167c9c390045192bb39e91f2f520ce6)] -> xpath: //a[attribute::href='https://ui.cogmento.com']]
2020-01-10 00:20:36 INFO  Logger:74 - Trying to find Element By : By.linkText: Forgot your password?
2020-01-10 00:20:36 INFO  Logger:80 - Found Element By : By.linkText: Forgot your password?
2020-01-10 00:20:36 INFO  Logger:33 - Trying to click on: [[ChromeDriver: chrome on XP (6167c9c390045192bb39e91f2f520ce6)] -> link text: Forgot your password?]
2020-01-10 00:20:37 INFO  Logger:37 - Clicked on: [[ChromeDriver: chrome on XP (6167c9c390045192bb39e91f2f520ce6)] -> link text: Forgot your password?]
]]></system-out>
    <system-err><![CDATA[Starting ChromeDriver 78.0.3904.70 (edb9c9f3de0247fd912a77b7f6cae7447f6d3ad5-refs/branch-heads/3904@{#800}) on port 15653
Only local connections are allowed.
Please protect ports used by ChromeDriver and related test frameworks to prevent access by malicious code.
[1578633616.945][WARNING]: This version of ChromeDriver has not been tested with Chrome version 79.
Jan. 10, 2020 12:20:19 A.M. org.openqa.selenium.remote.ProtocolHandshake createSession
INFO: Detected dialect: W3C
]]></system-err>
  </testcase>
  <testcase name="LoginTest" classname="com.digiCRMTest.autoqa.testcases.LoginPageTest" time="0.556"/>
  <testcase name="userNameTest" classname="com.digiCRMTest.autoqa.testcases.UserLandingPageTest" time="0.553"/>
  <testcase name="ContactsLinkTest" classname="com.digiCRMTest.autoqa.testcases.UserLandingPageTest" time="0.792"/>
  <testcase name="dealLinkTest" classname="com.digiCRMTest.autoqa.testcases.UserLandingPageTest" time="0.838"/>
  <testcase name="createNewContactTest" classname="com.digiCRMTest.autoqa.testcases.ContactsPageTest" time="2.165"/>
  <testcase name="createNewContactTest" classname="com.digiCRMTest.autoqa.testcases.ContactsPageTest" time="2.148"/>
  <testcase name="createNewContactTest" classname="com.digiCRMTest.autoqa.testcases.ContactsPageTest" time="2.357"/>
</testsuite>