<?xml version="1.0" encoding="UTF-8"?>
<testng-results skipped="0" failed="0" ignored="0" total="2" passed="2">
  <reporter-output>
  </reporter-output>
  <suite name="Default suite" duration-ms="16851" started-at="2020-01-07T06:45:12Z" finished-at="2020-01-07T06:45:29Z">
    <groups>
    </groups>
    <test name="Default test" duration-ms="16851" started-at="2020-01-07T06:45:12Z" finished-at="2020-01-07T06:45:29Z">
      <class name="com.digiCRMTest.autoqa.testcases.HomePageTest">
        <test-method status="PASS" signature="setUp()[pri:0, instance:com.digiCRMTest.autoqa.testcases.HomePageTest@56ef9176]" name="setUp" is-config="true" duration-ms="6771" started-at="2020-01-07T06:45:12Z" finished-at="2020-01-07T06:45:19Z">
          <reporter-output>
          </reporter-output>
        </test-method> <!-- setUp -->
        <test-method status="PASS" signature="homePageTitleTest()[pri:1, instance:com.digiCRMTest.autoqa.testcases.HomePageTest@56ef9176]" name="homePageTitleTest" duration-ms="20" started-at="2020-01-07T06:45:19Z" finished-at="2020-01-07T06:45:19Z">
          <reporter-output>
          </reporter-output>
        </test-method> <!-- homePageTitleTest -->
        <test-method status="PASS" signature="teardown()[pri:0, instance:com.digiCRMTest.autoqa.testcases.HomePageTest@56ef9176]" name="teardown" is-config="true" duration-ms="795" started-at="2020-01-07T06:45:19Z" finished-at="2020-01-07T06:45:20Z">
          <reporter-output>
          </reporter-output>
        </test-method> <!-- teardown -->
        <test-method status="PASS" signature="setUp()[pri:0, instance:com.digiCRMTest.autoqa.testcases.HomePageTest@56ef9176]" name="setUp" is-config="true" duration-ms="5357" started-at="2020-01-07T06:45:20Z" finished-at="2020-01-07T06:45:25Z">
          <reporter-output>
          </reporter-output>
        </test-method> <!-- setUp -->
        <test-method status="PASS" signature="LoginButtonTest()[pri:2, instance:com.digiCRMTest.autoqa.testcases.HomePageTest@56ef9176]" name="LoginButtonTest" duration-ms="3129" started-at="2020-01-07T06:45:25Z" finished-at="2020-01-07T06:45:28Z">
          <reporter-output>
          </reporter-output>
        </test-method> <!-- LoginButtonTest -->
        <test-method status="PASS" signature="teardown()[pri:0, instance:com.digiCRMTest.autoqa.testcases.HomePageTest@56ef9176]" name="teardown" is-config="true" duration-ms="744" started-at="2020-01-07T06:45:28Z" finished-at="2020-01-07T06:45:29Z">
          <reporter-output>
          </reporter-output>
        </test-method> <!-- teardown -->
      </class> <!-- com.digiCRMTest.autoqa.testcases.HomePageTest -->
    </test> <!-- Default test -->
  </suite> <!-- Default suite -->
</testng-results>
