<?xml version="1.0" encoding="UTF-8"?>
<!-- Generated by org.testng.reporters.JUnitXMLReporter -->
<testsuite ignored="0" hostname="DESKTOP-K0CLN9C" failures="1" tests="14" name="Digitrain360 FreeCRM Application Tests" time="152.547" errors="0" timestamp="10 Jan. 2020 05:21:49 GMT">
  <testcase classname="com.digiCRMTest.autoqa.testcases.HomePageTest" name="homePageTitleTest" time="0.008"/>
  <testcase classname="com.digiCRMTest.autoqa.testcases.LoginPageTest" name="loginPageTitleTest" time="0.008"/>
  <testcase classname="com.digiCRMTest.autoqa.testcases.UserLandingPageTest" name="userLandingPageTitleTest" time="0.006"/>
  <testcase classname="com.digiCRMTest.autoqa.testcases.PasswordResetPageTest" name="resetPasswordTest" time="1.055"/>
  <testcase classname="com.digiCRMTest.autoqa.testcases.ContactsPageTest" name="contactsPageTitleTest" time="0.052"/>
  <testcase classname="com.digiCRMTest.autoqa.testcases.HomePageTest" name="LoginButtonTest" time="2.094"/>
  <testcase classname="com.digiCRMTest.autoqa.testcases.LoginPageTest" name="PasswordResetLinkTest" time="0.948">
    <failure type="java.lang.AssertionError" message="expected [Reset Password] but found [Cogmento CRM]">
      <![CDATA[java.lang.AssertionError: expected [Reset Password] but found [Cogmento CRM]
at com.digiCRMTest.autoqa.testcases.LoginPageTest.PasswordResetLinkTest(LoginPageTest.java:52)
... Removed 35 stack frames]]>
    </failure>
  </testcase> <!-- PasswordResetLinkTest -->
  <testcase classname="com.digiCRMTest.autoqa.testcases.LoginPageTest" name="LoginTest" time="0.556"/>
  <testcase classname="com.digiCRMTest.autoqa.testcases.UserLandingPageTest" name="userNameTest" time="0.553"/>
  <testcase classname="com.digiCRMTest.autoqa.testcases.UserLandingPageTest" name="ContactsLinkTest" time="0.793"/>
  <testcase classname="com.digiCRMTest.autoqa.testcases.UserLandingPageTest" name="dealLinkTest" time="0.838"/>
  <testcase classname="com.digiCRMTest.autoqa.testcases.ContactsPageTest" name="createNewContactTest" time="2.163"/>
  <testcase classname="com.digiCRMTest.autoqa.testcases.ContactsPageTest" name="createNewContactTest" time="2.147"/>
  <testcase classname="com.digiCRMTest.autoqa.testcases.ContactsPageTest" name="createNewContactTest" time="2.357"/>
</testsuite> <!-- Digitrain360 FreeCRM Application Tests -->
